  Window.cpp
D:\INNE\Studia\1 SEMESTR\PP\BULET HELL - Final Version\Window.cpp(71,12): warning C4244: "argument": konwersja z "time_t" do "unsigned int", możliwa utrata danych
D:\INNE\Studia\1 SEMESTR\PP\BULET HELL - Final Version\Window.cpp(98,17): warning C4244: "=": konwersja z "int" do "float", możliwa utrata danych
D:\INNE\Studia\1 SEMESTR\PP\BULET HELL - Final Version\Window.cpp(122,15): warning C4244: "argument": konwersja z "time_t" do "unsigned int", możliwa utrata danych
D:\INNE\Studia\1 SEMESTR\PP\BULET HELL - Final Version\Window.cpp(128,15): warning C4244: "argument": konwersja z "double" do "int", możliwa utrata danych
D:\INNE\Studia\1 SEMESTR\PP\BULET HELL - Final Version\Window.cpp(133,28): warning C4244: "argument": konwersja z "double" do "int", możliwa utrata danych
D:\INNE\Studia\1 SEMESTR\PP\BULET HELL - Final Version\Window.cpp(136,32): warning C4244: "argument": konwersja z "double" do "int", możliwa utrata danych
D:\INNE\Studia\1 SEMESTR\PP\BULET HELL - Final Version\Window.cpp(137,99): warning C4244: "argument": konwersja z "double" do "int", możliwa utrata danych
D:\INNE\Studia\1 SEMESTR\PP\BULET HELL - Final Version\Window.cpp(137,64): warning C4244: "argument": konwersja z "double" do "int", możliwa utrata danych
D:\INNE\Studia\1 SEMESTR\PP\BULET HELL - Final Version\Window.cpp(141,98): warning C4244: "argument": konwersja z "double" do "int", możliwa utrata danych
D:\INNE\Studia\1 SEMESTR\PP\BULET HELL - Final Version\Window.cpp(141,62): warning C4244: "argument": konwersja z "double" do "int", możliwa utrata danych
D:\INNE\Studia\1 SEMESTR\PP\BULET HELL - Final Version\Window.cpp(145,88): warning C4244: "argument": konwersja z "double" do "int", możliwa utrata danych
D:\INNE\Studia\1 SEMESTR\PP\BULET HELL - Final Version\Window.cpp(145,78): warning C4244: "argument": konwersja z "double" do "int", możliwa utrata danych
D:\INNE\Studia\1 SEMESTR\PP\BULET HELL - Final Version\Window.cpp(145,60): warning C4244: "argument": konwersja z "double" do "int", możliwa utrata danych
D:\INNE\Studia\1 SEMESTR\PP\BULET HELL - Final Version\Window.cpp(145,41): warning C4244: "argument": konwersja z "double" do "int", możliwa utrata danych
D:\INNE\Studia\1 SEMESTR\PP\BULET HELL - Final Version\Window.cpp(148,37): warning C4244: "-=": konwersja z "double" do "float", możliwa utrata danych
D:\INNE\Studia\1 SEMESTR\PP\BULET HELL - Final Version\Window.cpp(159,120): warning C4244: "argument": konwersja z "double" do "int", możliwa utrata danych
D:\INNE\Studia\1 SEMESTR\PP\BULET HELL - Final Version\Window.cpp(159,102): warning C4244: "argument": konwersja z "double" do "int", możliwa utrata danych
D:\INNE\Studia\1 SEMESTR\PP\BULET HELL - Final Version\Window.cpp(159,56): warning C4244: "argument": konwersja z "double" do "int", możliwa utrata danych
D:\INNE\Studia\1 SEMESTR\PP\BULET HELL - Final Version\Window.cpp(159,46): warning C4244: "argument": konwersja z "double" do "int", możliwa utrata danych
D:\INNE\Studia\1 SEMESTR\PP\BULET HELL - Final Version\Window.cpp(162,37): warning C4244: "-=": konwersja z "double" do "float", możliwa utrata danych
D:\INNE\Studia\1 SEMESTR\PP\BULET HELL - Final Version\Window.cpp(170,78): warning C4244: "argument": konwersja z "double" do "int", możliwa utrata danych
D:\INNE\Studia\1 SEMESTR\PP\BULET HELL - Final Version\Window.cpp(170,51): warning C4244: "argument": konwersja z "double" do "int", możliwa utrata danych
D:\INNE\Studia\1 SEMESTR\PP\BULET HELL - Final Version\Window.cpp(174,29): warning C4244: "argument": konwersja z "double" do "int", możliwa utrata danych
D:\INNE\Studia\1 SEMESTR\PP\BULET HELL - Final Version\Window.cpp(177,103): warning C4244: "argument": konwersja z "double" do "int", możliwa utrata danych
D:\INNE\Studia\1 SEMESTR\PP\BULET HELL - Final Version\Window.cpp(177,65): warning C4244: "argument": konwersja z "double" do "int", możliwa utrata danych
D:\INNE\Studia\1 SEMESTR\PP\BULET HELL - Final Version\Window.cpp(181,87): warning C4244: "argument": konwersja z "double" do "int", możliwa utrata danych
D:\INNE\Studia\1 SEMESTR\PP\BULET HELL - Final Version\Window.cpp(181,79): warning C4244: "argument": konwersja z "double" do "int", możliwa utrata danych
D:\INNE\Studia\1 SEMESTR\PP\BULET HELL - Final Version\Window.cpp(181,63): warning C4244: "argument": konwersja z "double" do "int", możliwa utrata danych
D:\INNE\Studia\1 SEMESTR\PP\BULET HELL - Final Version\Window.cpp(181,42): warning C4244: "argument": konwersja z "double" do "int", możliwa utrata danych
D:\INNE\Studia\1 SEMESTR\PP\BULET HELL - Final Version\Window.cpp(184,38): warning C4244: "+=": konwersja z "double" do "float", możliwa utrata danych
D:\INNE\Studia\1 SEMESTR\PP\BULET HELL - Final Version\Window.cpp(215,86): warning C4244: "argument": konwersja z "double" do "int", możliwa utrata danych
D:\INNE\Studia\1 SEMESTR\PP\BULET HELL - Final Version\Window.cpp(215,76): warning C4244: "argument": konwersja z "double" do "int", możliwa utrata danych
D:\INNE\Studia\1 SEMESTR\PP\BULET HELL - Final Version\Window.cpp(229,67): warning C4244: "argument": konwersja z "double" do "int", możliwa utrata danych
D:\INNE\Studia\1 SEMESTR\PP\BULET HELL - Final Version\Window.cpp(229,42): warning C4244: "argument": konwersja z "double" do "int", możliwa utrata danych
D:\INNE\Studia\1 SEMESTR\PP\BULET HELL - Final Version\Window.cpp(230,88): warning C4244: "argument": konwersja z "double" do "int", możliwa utrata danych
D:\INNE\Studia\1 SEMESTR\PP\BULET HELL - Final Version\Window.cpp(230,46): warning C4244: "argument": konwersja z "double" do "int", możliwa utrata danych
D:\INNE\Studia\1 SEMESTR\PP\BULET HELL - Final Version\Window.cpp(232,73): warning C4244: "argument": konwersja z "double" do "int", możliwa utrata danych
D:\INNE\Studia\1 SEMESTR\PP\BULET HELL - Final Version\Window.cpp(232,46): warning C4244: "argument": konwersja z "double" do "int", możliwa utrata danych
D:\INNE\Studia\1 SEMESTR\PP\BULET HELL - Final Version\Window.cpp(233,94): warning C4244: "argument": konwersja z "double" do "int", możliwa utrata danych
D:\INNE\Studia\1 SEMESTR\PP\BULET HELL - Final Version\Window.cpp(233,50): warning C4244: "argument": konwersja z "double" do "int", możliwa utrata danych
D:\INNE\Studia\1 SEMESTR\PP\BULET HELL - Final Version\Window.cpp(240,3): warning C4996: 'sprintf': This function or variable may be unsafe. Consider using sprintf_s instead. To disable deprecation, use _CRT_SECURE_NO_WARNINGS. See online help for details.
D:\INNE\Studia\1 SEMESTR\PP\BULET HELL - Final Version\Window.cpp(363,2): warning C4996: 'sprintf': This function or variable may be unsafe. Consider using sprintf_s instead. To disable deprecation, use _CRT_SECURE_NO_WARNINGS. See online help for details.
D:\INNE\Studia\1 SEMESTR\PP\BULET HELL - Final Version\Window.cpp(372,2): warning C4996: 'sprintf': This function or variable may be unsafe. Consider using sprintf_s instead. To disable deprecation, use _CRT_SECURE_NO_WARNINGS. See online help for details.
D:\INNE\Studia\1 SEMESTR\PP\BULET HELL - Final Version\Window.cpp(422,2): warning C4996: 'sprintf': This function or variable may be unsafe. Consider using sprintf_s instead. To disable deprecation, use _CRT_SECURE_NO_WARNINGS. See online help for details.
D:\INNE\Studia\1 SEMESTR\PP\BULET HELL - Final Version\Window.cpp(426,2): warning C4996: 'sprintf': This function or variable may be unsafe. Consider using sprintf_s instead. To disable deprecation, use _CRT_SECURE_NO_WARNINGS. See online help for details.
D:\INNE\Studia\1 SEMESTR\PP\BULET HELL - Final Version\Window.cpp(430,2): warning C4996: 'sprintf': This function or variable may be unsafe. Consider using sprintf_s instead. To disable deprecation, use _CRT_SECURE_NO_WARNINGS. See online help for details.
D:\INNE\Studia\1 SEMESTR\PP\BULET HELL - Final Version\Window.cpp(434,2): warning C4996: 'sprintf': This function or variable may be unsafe. Consider using sprintf_s instead. To disable deprecation, use _CRT_SECURE_NO_WARNINGS. See online help for details.
D:\INNE\Studia\1 SEMESTR\PP\BULET HELL - Final Version\Window.cpp(436,2): warning C4996: 'sprintf': This function or variable may be unsafe. Consider using sprintf_s instead. To disable deprecation, use _CRT_SECURE_NO_WARNINGS. See online help for details.
D:\INNE\Studia\1 SEMESTR\PP\BULET HELL - Final Version\Window.cpp(440,2): warning C4996: 'sprintf': This function or variable may be unsafe. Consider using sprintf_s instead. To disable deprecation, use _CRT_SECURE_NO_WARNINGS. See online help for details.
D:\INNE\Studia\1 SEMESTR\PP\BULET HELL - Final Version\Window.cpp(444,2): warning C4996: 'sprintf': This function or variable may be unsafe. Consider using sprintf_s instead. To disable deprecation, use _CRT_SECURE_NO_WARNINGS. See online help for details.
D:\INNE\Studia\1 SEMESTR\PP\BULET HELL - Final Version\Window.cpp(446,2): warning C4996: 'sprintf': This function or variable may be unsafe. Consider using sprintf_s instead. To disable deprecation, use _CRT_SECURE_NO_WARNINGS. See online help for details.
D:\INNE\Studia\1 SEMESTR\PP\BULET HELL - Final Version\Window.cpp(448,2): warning C4996: 'sprintf': This function or variable may be unsafe. Consider using sprintf_s instead. To disable deprecation, use _CRT_SECURE_NO_WARNINGS. See online help for details.
D:\INNE\Studia\1 SEMESTR\PP\BULET HELL - Final Version\Window.cpp(450,2): warning C4996: 'sprintf': This function or variable may be unsafe. Consider using sprintf_s instead. To disable deprecation, use _CRT_SECURE_NO_WARNINGS. See online help for details.
D:\INNE\Studia\1 SEMESTR\PP\BULET HELL - Final Version\Window.cpp(452,2): warning C4996: 'sprintf': This function or variable may be unsafe. Consider using sprintf_s instead. To disable deprecation, use _CRT_SECURE_NO_WARNINGS. See online help for details.
D:\INNE\Studia\1 SEMESTR\PP\BULET HELL - Final Version\Window.cpp(456,2): warning C4996: 'sprintf': This function or variable may be unsafe. Consider using sprintf_s instead. To disable deprecation, use _CRT_SECURE_NO_WARNINGS. See online help for details.
D:\INNE\Studia\1 SEMESTR\PP\BULET HELL - Final Version\Window.cpp(458,2): warning C4996: 'sprintf': This function or variable may be unsafe. Consider using sprintf_s instead. To disable deprecation, use _CRT_SECURE_NO_WARNINGS. See online help for details.
D:\INNE\Studia\1 SEMESTR\PP\BULET HELL - Final Version\Window.cpp(460,2): warning C4996: 'sprintf': This function or variable may be unsafe. Consider using sprintf_s instead. To disable deprecation, use _CRT_SECURE_NO_WARNINGS. See online help for details.
D:\INNE\Studia\1 SEMESTR\PP\BULET HELL - Final Version\Window.cpp(462,2): warning C4996: 'sprintf': This function or variable may be unsafe. Consider using sprintf_s instead. To disable deprecation, use _CRT_SECURE_NO_WARNINGS. See online help for details.
D:\INNE\Studia\1 SEMESTR\PP\BULET HELL - Final Version\Window.cpp(464,2): warning C4996: 'sprintf': This function or variable may be unsafe. Consider using sprintf_s instead. To disable deprecation, use _CRT_SECURE_NO_WARNINGS. See online help for details.
D:\INNE\Studia\1 SEMESTR\PP\BULET HELL - Final Version\Window.cpp(479,3): warning C4996: 'sprintf': This function or variable may be unsafe. Consider using sprintf_s instead. To disable deprecation, use _CRT_SECURE_NO_WARNINGS. See online help for details.
D:\INNE\Studia\1 SEMESTR\PP\BULET HELL - Final Version\Window.cpp(483,3): warning C4996: 'sprintf': This function or variable may be unsafe. Consider using sprintf_s instead. To disable deprecation, use _CRT_SECURE_NO_WARNINGS. See online help for details.
D:\INNE\Studia\1 SEMESTR\PP\BULET HELL - Final Version\Window.cpp(487,3): warning C4996: 'sprintf': This function or variable may be unsafe. Consider using sprintf_s instead. To disable deprecation, use _CRT_SECURE_NO_WARNINGS. See online help for details.
D:\INNE\Studia\1 SEMESTR\PP\BULET HELL - Final Version\Window.cpp(491,3): warning C4996: 'sprintf': This function or variable may be unsafe. Consider using sprintf_s instead. To disable deprecation, use _CRT_SECURE_NO_WARNINGS. See online help for details.
D:\INNE\Studia\1 SEMESTR\PP\BULET HELL - Final Version\Window.cpp(495,3): warning C4996: 'sprintf': This function or variable may be unsafe. Consider using sprintf_s instead. To disable deprecation, use _CRT_SECURE_NO_WARNINGS. See online help for details.
D:\INNE\Studia\1 SEMESTR\PP\BULET HELL - Final Version\Window.cpp(499,3): warning C4996: 'sprintf': This function or variable may be unsafe. Consider using sprintf_s instead. To disable deprecation, use _CRT_SECURE_NO_WARNINGS. See online help for details.
D:\INNE\Studia\1 SEMESTR\PP\BULET HELL - Final Version\Window.cpp(503,3): warning C4996: 'sprintf': This function or variable may be unsafe. Consider using sprintf_s instead. To disable deprecation, use _CRT_SECURE_NO_WARNINGS. See online help for details.
D:\INNE\Studia\1 SEMESTR\PP\BULET HELL - Final Version\Window.cpp(560,4): warning C4996: 'sprintf': This function or variable may be unsafe. Consider using sprintf_s instead. To disable deprecation, use _CRT_SECURE_NO_WARNINGS. See online help for details.
D:\INNE\Studia\1 SEMESTR\PP\BULET HELL - Final Version\Window.cpp(569,4): warning C4996: 'sprintf': This function or variable may be unsafe. Consider using sprintf_s instead. To disable deprecation, use _CRT_SECURE_NO_WARNINGS. See online help for details.
D:\INNE\Studia\1 SEMESTR\PP\BULET HELL - Final Version\Window.cpp(539): warning C4715: "Window::menu”: niewszystkie ścieżki kodu zwracają wartość
  szablon2vs19.vcxproj -> D:\INNE\Studia\1 SEMESTR\PP\BULET HELL - Final Version\Debug\szablon2vs19.exe
